2689
last:
[{'loss': 0.034151576459407806, 'ppv': 0.11904761904761904, 'logAUC': 0.48870972178887556, 'f1_score': 0.13157894736842105}]
best:
[{'loss': 0.027499640360474586, 'ppv': 0.12359550561797752, 'logAUC': 0.5160961957537691, 'f1_score': 0.17886178861788618}]
=======
435008
last:
[{'loss': 0.03697506710886955, 'ppv': 0.08536585365853659, 'logAUC': 0.31311673518119126, 'f1_score': 0.10852713178294573}]
best:
[{'loss': 0.03699207678437233, 'ppv': 0.08536585365853659, 'logAUC': 0.31306748635599063, 'f1_score': 0.10852713178294573}]
=======
488997
last:
[{'loss': 0.035170238465070724, 'ppv': 0.1411764705882353, 'logAUC': 0.3912485583236229, 'f1_score': 0.17777777777777776}]
best:
[{'loss': 0.04025598615407944, 'ppv': 0.09696969696969697, 'logAUC': 0.4304868954833361, 'f1_score': 0.14883720930232558}]
=======
2258
last:
[{'loss': 0.04339645802974701, 'ppv': 0.16363636363636364, 'logAUC': 0.48459788938521536, 'f1_score': 0.1836734693877551}]
best:
[{'loss': 0.10065968334674835, 'ppv': 0.04151624548736462, 'logAUC': 0.5131469993935487, 'f1_score': 0.07705192629815745}]
=======
1843
last:
[{'loss': 0.036774784326553345, 'ppv': 0.15625, 'logAUC': 0.38778025362559737, 'f1_score': 0.15151515151515152}]
best:
[{'loss': 0.061653703451156616, 'ppv': 0.02467343976777939, 'logAUC': 0.45492091093075304, 'f1_score': 0.047026279391424626}]
=======
463087
last:
[{'loss': 0.12050964683294296, 'ppv': 0.17391304347826086, 'logAUC': 0.38976090771985855, 'f1_score': 0.24190064794816415}]
best:
[{'loss': 0.17114074528217316, 'ppv': 0.09307135470527404, 'logAUC': 0.4116396159398715, 'f1_score': 0.1624548736462094}]
=======
435034
last:
[{'loss': 0.12060647457838058, 'ppv': 0.11180124223602485, 'logAUC': 0.27479246084599274, 'f1_score': 0.15450643776824036}]
best:
[{'loss': 0.14527961611747742, 'ppv': 0.08823529411764706, 'logAUC': 0.3174009413626717, 'f1_score': 0.14563106796116507}]
=======
1798
last:
[{'loss': 0.15231263637542725, 'ppv': 0.10204081632653061, 'logAUC': 0.1711357890986704, 'f1_score': 0.11627906976744186}]
best:
[{'loss': 0.1610996574163437, 'ppv': 0.03333333333333333, 'logAUC': 0.19660130380599494, 'f1_score': 0.05934718100890207}]
=======
