1843
last:
[{'loss': 0.041581254452466965, 'ppv': 0.05, 'logAUC': 0.3969548905800382, 'f1_score': 0.05405405405405405}]
best:
[{'loss': 0.04291712865233421, 'ppv': 0.055, 'logAUC': 0.41372572772632643, 'f1_score': 0.09401709401709402}]
=======
2689
last:
[{'loss': 0.024969011545181274, 'ppv': 0.1111111111111111, 'logAUC': 0.5251321787436845, 'f1_score': 0.11428571428571428}]
best:
[{'loss': 0.032128091901540756, 'ppv': 0.06829268292682927, 'logAUC': 0.5545343979831883, 'f1_score': 0.11715481171548119}]
=======
485290
last:
[{'loss': 0.028942245990037918, 'ppv': 0.12037037037037036, 'logAUC': 0.3798453611035938, 'f1_score': 0.15853658536585366}]
best:
[{'loss': 0.07593687623739243, 'ppv': 0.03305785123966942, 'logAUC': 0.4019697565825241, 'f1_score': 0.061381074168797956}]
=======
435034
last:
[{'loss': 0.14012901484966278, 'ppv': 0.10810810810810811, 'logAUC': 0.2520544878221775, 'f1_score': 0.1556420233463035}]
best:
[{'loss': 0.18998976051807404, 'ppv': 0.05305039787798409, 'logAUC': 0.30135263858601985, 'f1_score': 0.09685230024213076}]
=======
435008
last:
[{'loss': 0.05938674882054329, 'ppv': 0.09090909090909091, 'logAUC': 0.24980345495771267, 'f1_score': 0.08791208791208792}]
best:
[{'loss': 0.10682592540979385, 'ppv': 0.02622950819672131, 'logAUC': 0.25889924424170463, 'f1_score': 0.04545454545454545}]
=======
488997
last:
[{'loss': 0.03382039815187454, 'ppv': 0.13432835820895522, 'logAUC': 0.374668438923966, 'f1_score': 0.15384615384615385}]
best:
[{'loss': 0.06905926018953323, 'ppv': 0.037698412698412696, 'logAUC': 0.39206886533837976, 'f1_score': 0.06859205776173286}]
=======
2258
last:
[{'loss': 0.032311055809259415, 'ppv': 0.18181818181818182, 'logAUC': 0.5074321205350095, 'f1_score': 0.2201834862385321}]
best:
[{'loss': 0.07723236083984375, 'ppv': 0.032663316582914576, 'logAUC': 0.5456961646255037, 'f1_score': 0.06197854588796187}]
=======
463087
last:
[{'loss': 0.14413149654865265, 'ppv': 0.1687116564417178, 'logAUC': 0.3468276006556481, 'f1_score': 0.23554603854389722}]
best:
[{'loss': 0.1663389801979065, 'ppv': 0.09872241579558652, 'logAUC': 0.36897510588303273, 'f1_score': 0.16966067864271456}]
=======
1798
last:
[{'loss': 0.14528976380825043, 'ppv': 0.10869565217391304, 'logAUC': 0.20706315034239495, 'f1_score': 0.12048192771084337}]
best:
[{'loss': 0.07937905937433243, 'ppv': 0.048034934497816595, 'logAUC': 0.23730064492620861, 'f1_score': 0.08270676691729324}]
=======
